<?xml version="1.0" encoding="UTF-8"?>
<coverage generated="1764159674870" clover="3.2.0">
  <project timestamp="1764159674870" name="All files">
    <metrics statements="17" coveredstatements="11" conditionals="0" coveredconditionals="0" methods="9" coveredmethods="5" elements="26" coveredelements="16" complexity="0" loc="17" ncloc="17" packages="2" files="2" classes="2"/>
    <package name="mocks">
      <metrics statements="6" coveredstatements="1" conditionals="0" coveredconditionals="0" methods="3" coveredmethods="0"/>
      <file name="server.ts" path="C:\Users\COTYS\Documents\Clases cuarto\Inge soft III\TP_Final_IS3\ventas-frontend\src\mocks\server.ts">
        <metrics statements="6" coveredstatements="1" conditionals="0" coveredconditionals="0" methods="3" coveredmethods="0"/>
        <line num="1" count="6" type="stmt"/>
        <line num="2" count="0" type="stmt"/>
        <line num="4" count="0" type="stmt"/>
        <line num="7" count="0" type="stmt"/>
        <line num="10" count="0" type="stmt"/>
        <line num="13" count="0" type="stmt"/>
      </file>
    </package>
    <package name="pages">
      <metrics statements="11" coveredstatements="10" conditionals="0" coveredconditionals="0" methods="6" coveredmethods="5"/>
      <file name="Productos.tsx" path="C:\Users\COTYS\Documents\Clases cuarto\Inge soft III\TP_Final_IS3\ventas-frontend\src\pages\Productos.tsx">
        <metrics statements="11" coveredstatements="10" conditionals="0" coveredconditionals="0" methods="6" coveredmethods="5"/>
        <line num="1" count="2" type="stmt"/>
        <line num="2" count="2" type="stmt"/>
        <line num="5" count="2" type="stmt"/>
        <line num="6" count="4" type="stmt"/>
        <line num="8" count="4" type="stmt"/>
        <line num="9" count="2" type="stmt"/>
        <line num="10" count="2" type="stmt"/>
        <line num="11" count="2" type="stmt"/>
        <line num="12" count="0" type="stmt"/>
        <line num="16" count="4" type="stmt"/>
        <line num="21" count="2" type="stmt"/>
      </file>
    </package>
  </project>
</coverage>
