{"C:\\Users\\COTYS\\Documents\\Clases cuarto\\Inge soft III\\TP_Final_IS3\\ventas-frontend\\src\\mocks\\server.ts": {"path":"C:\\Users\\COTYS\\Documents\\Clases cuarto\\Inge soft III\\TP_Final_IS3\\ventas-frontend\\src\\mocks\\server.ts","statementMap":{"0":{"start":{"line":1,"column":0},"end":{"line":1,"column":38}},"1":{"start":{"line":2,"column":0},"end":{"line":2,"column":37}},"2":{"start":{"line":4,"column":13},"end":{"line":4,"column":null}},"3":{"start":{"line":7,"column":0},"end":{"line":7,"column":null}},"4":{"start":{"line":7,"column":16},"end":{"line":7,"column":63}},"5":{"start":{"line":10,"column":0},"end":{"line":10,"column":null}},"6":{"start":{"line":10,"column":16},"end":{"line":10,"column":38}},"7":{"start":{"line":13,"column":0},"end":{"line":13,"column":null}},"8":{"start":{"line":13,"column":15},"end":{"line":13,"column":29}}},"fnMap":{"0":{"name":"(anonymous_0)","decl":{"start":{"line":7,"column":10},"end":{"line":7,"column":13}},"loc":{"start":{"line":7,"column":16},"end":{"line":7,"column":63}}},"1":{"name":"(anonymous_1)","decl":{"start":{"line":10,"column":10},"end":{"line":10,"column":13}},"loc":{"start":{"line":10,"column":16},"end":{"line":10,"column":38}}},"2":{"name":"(anonymous_2)","decl":{"start":{"line":13,"column":9},"end":{"line":13,"column":12}},"loc":{"start":{"line":13,"column":15},"end":{"line":13,"column":29}}}},"branchMap":{},"s":{"0":6,"1":0,"2":0,"3":0,"4":0,"5":0,"6":0,"7":0,"8":0},"f":{"0":0,"1":0,"2":0},"b":{}}
,"C:\\Users\\COTYS\\Documents\\Clases cuarto\\Inge soft III\\TP_Final_IS3\\ventas-frontend\\src\\pages\\Productos.tsx": {"path":"C:\\Users\\COTYS\\Documents\\Clases cuarto\\Inge soft III\\TP_Final_IS3\\ventas-frontend\\src\\pages\\Productos.tsx","statementMap":{"0":{"start":{"line":5,"column":0},"end":{"line":5,"column":24}},"1":{"start":{"line":1,"column":0},"end":{"line":1,"column":43}},"2":{"start":{"line":2,"column":0},"end":{"line":2,"column":30}},"3":{"start":{"line":6,"column":36},"end":{"line":6,"column":55}},"4":{"start":{"line":8,"column":2},"end":{"line":14,"column":null}},"5":{"start":{"line":9,"column":4},"end":{"line":13,"column":null}},"6":{"start":{"line":10,"column":6},"end":{"line":12,"column":null}},"7":{"start":{"line":11,"column":38},"end":{"line":11,"column":60}},"8":{"start":{"line":12,"column":36},"end":{"line":12,"column":54}},"9":{"start":{"line":16,"column":2},"end":{"line":27,"column":null}},"10":{"start":{"line":21,"column":10},"end":{"line":21,"column":null}}},"fnMap":{"0":{"name":"Productos","decl":{"start":{"line":5,"column":24},"end":{"line":5,"column":33}},"loc":{"start":{"line":5,"column":33},"end":{"line":28,"column":1}}},"1":{"name":"(anonymous_2)","decl":{"start":{"line":8,"column":12},"end":{"line":8,"column":15}},"loc":{"start":{"line":8,"column":17},"end":{"line":14,"column":3}}},"2":{"name":"(anonymous_3)","decl":{"start":{"line":9,"column":15},"end":{"line":9,"column":26}},"loc":{"start":{"line":9,"column":29},"end":{"line":13,"column":5}}},"3":{"name":"(anonymous_4)","decl":{"start":{"line":11,"column":14},"end":{"line":11,"column":15}},"loc":{"start":{"line":11,"column":38},"end":{"line":11,"column":60}}},"4":{"name":"(anonymous_5)","decl":{"start":{"line":12,"column":15},"end":{"line":12,"column":16}},"loc":{"start":{"line":12,"column":36},"end":{"line":12,"column":54}}},"5":{"name":"(anonymous_6)","decl":{"start":{"line":20,"column":23},"end":{"line":20,"column":24}},"loc":{"start":{"line":21,"column":10},"end":{"line":21,"column":null}}}},"branchMap":{},"s":{"0":2,"1":2,"2":2,"3":4,"4":4,"5":2,"6":2,"7":2,"8":0,"9":4,"10":2},"f":{"0":4,"1":2,"2":2,"3":2,"4":0,"5":2},"b":{}}
}
