TN:
SF:src\mocks\server.ts
FN:7,(anonymous_0)
FN:10,(anonymous_1)
FN:13,(anonymous_2)
FNF:3
FNH:0
FNDA:0,(anonymous_0)
FNDA:0,(anonymous_1)
FNDA:0,(anonymous_2)
DA:1,6
DA:2,0
DA:4,0
DA:7,0
DA:10,0
DA:13,0
LF:6
LH:1
BRF:0
BRH:0
end_of_record
TN:
SF:src\pages\Productos.tsx
FN:5,Productos
FN:8,(anonymous_2)
FN:9,(anonymous_3)
FN:11,(anonymous_4)
FN:12,(anonymous_5)
FN:20,(anonymous_6)
FNF:6
FNH:5
FNDA:4,Productos
FNDA:2,(anonymous_2)
FNDA:2,(anonymous_3)
FNDA:2,(anonymous_4)
FNDA:0,(anonymous_5)
FNDA:2,(anonymous_6)
DA:1,2
DA:2,2
DA:5,2
DA:6,4
DA:8,4
DA:9,2
DA:10,2
DA:11,2
DA:12,0
DA:16,4
DA:21,2
LF:11
LH:10
BRF:0
BRH:0
end_of_record
